0 info it worked if it ends with ok
1 verbose cli [ 'node',
1 verbose cli   '/opt/boxen/nodenv/versions/v0.10.21/bin/npm',
1 verbose cli   'publish' ]
2 info using npm@1.4.20
3 info using node@v0.10.21
4 verbose publish [ '.' ]
5 verbose cache add [ '.', null ]
6 verbose cache add name=undefined spec="." args=[".",null]
7 verbose parsed url { protocol: null,
7 verbose parsed url   slashes: null,
7 verbose parsed url   auth: null,
7 verbose parsed url   host: null,
7 verbose parsed url   port: null,
7 verbose parsed url   hostname: null,
7 verbose parsed url   hash: null,
7 verbose parsed url   search: null,
7 verbose parsed url   query: null,
7 verbose parsed url   pathname: '.',
7 verbose parsed url   path: '.',
7 verbose parsed url   href: '.' }
8 silly lockFile 3a52ce78- .
9 verbose lock . /Users/tak0303/.npm/3a52ce78-.lock
10 verbose tar pack [ '/Users/tak0303/.npm/imasora/0.0.1/package.tgz', '.' ]
11 verbose tarball /Users/tak0303/.npm/imasora/0.0.1/package.tgz
12 verbose folder .
13 info prepublish imasora@0.0.1
14 silly lockFile 1f1177db-tar tar://.
15 verbose lock tar://. /Users/tak0303/.npm/1f1177db-tar.lock
16 silly lockFile 2acd2bb5-03-npm-imasora-0-0-1-package-tgz tar:///Users/tak0303/.npm/imasora/0.0.1/package.tgz
17 verbose lock tar:///Users/tak0303/.npm/imasora/0.0.1/package.tgz /Users/tak0303/.npm/2acd2bb5-03-npm-imasora-0-0-1-package-tgz.lock
18 silly lockFile 1f1177db-tar tar://.
19 silly lockFile 1f1177db-tar tar://.
20 silly lockFile 2acd2bb5-03-npm-imasora-0-0-1-package-tgz tar:///Users/tak0303/.npm/imasora/0.0.1/package.tgz
21 silly lockFile 2acd2bb5-03-npm-imasora-0-0-1-package-tgz tar:///Users/tak0303/.npm/imasora/0.0.1/package.tgz
22 silly lockFile 2996cdc8-ak0303-npm-imasora-0-0-1-package /Users/tak0303/.npm/imasora/0.0.1/package
23 verbose lock /Users/tak0303/.npm/imasora/0.0.1/package /Users/tak0303/.npm/2996cdc8-ak0303-npm-imasora-0-0-1-package.lock
24 silly lockFile 2996cdc8-ak0303-npm-imasora-0-0-1-package /Users/tak0303/.npm/imasora/0.0.1/package
25 silly lockFile 2996cdc8-ak0303-npm-imasora-0-0-1-package /Users/tak0303/.npm/imasora/0.0.1/package
26 silly lockFile 3a52ce78- .
27 silly lockFile 3a52ce78- .
28 silly publish { name: 'imasora',
28 silly publish   private: true,
28 silly publish   version: '0.0.1',
28 silly publish   readme: 'ERROR: No README data found!',
28 silly publish   _id: 'imasora@0.0.1',
28 silly publish   scripts: {},
28 silly publish   _shasum: 'df82398e3761ae28b3fa66562ee52c399597eaef',
28 silly publish   _from: '.' }
29 error Error: This package has been marked as private
29 error Remove the 'private' field from the package.json to publish it.
29 error     at publish_ (/opt/boxen/nodenv/versions/v0.10.21/lib/node_modules/npm/lib/publish.js:91:31)
29 error     at Array.1 (/opt/boxen/nodenv/versions/v0.10.21/lib/node_modules/npm/node_modules/slide/lib/bind-actor.js:15:8)
29 error     at LOOP (/opt/boxen/nodenv/versions/v0.10.21/lib/node_modules/npm/node_modules/slide/lib/chain.js:15:14)
29 error     at LOOP (/opt/boxen/nodenv/versions/v0.10.21/lib/node_modules/npm/node_modules/slide/lib/chain.js:14:28)
29 error     at chain (/opt/boxen/nodenv/versions/v0.10.21/lib/node_modules/npm/node_modules/slide/lib/chain.js:20:5)
29 error     at /opt/boxen/nodenv/versions/v0.10.21/lib/node_modules/npm/lib/publish.js:57:5
29 error     at /opt/boxen/nodenv/versions/v0.10.21/lib/node_modules/npm/node_modules/inflight/inflight.js:22:7
29 error     at Array.forEach (native)
29 error     at res (/opt/boxen/nodenv/versions/v0.10.21/lib/node_modules/npm/node_modules/inflight/inflight.js:21:9)
29 error     at f (/opt/boxen/nodenv/versions/v0.10.21/lib/node_modules/npm/node_modules/once/once.js:16:25)
30 error If you need help, you may report this *entire* log,
30 error including the npm and node versions, at:
30 error     <http://github.com/npm/npm/issues>
31 error System Darwin 13.2.0
32 error command "node" "/opt/boxen/nodenv/versions/v0.10.21/bin/npm" "publish"
33 error cwd /Users/tak0303/src/imasora
34 error node -v v0.10.21
35 error npm -v 1.4.20
36 verbose exit [ 1, true ]
